
*** Running vivado
    with args -log aula1.vdi -applog -m64 -messageDb vivado.pb -mode batch -source aula1.tcl -notrace


****** Vivado v2014.2 (64-bit)
  **** SW Build 932637 on Wed Jun 11 13:12:34 MDT 2014
  **** IP Build 924643 on Fri May 30 09:20:16 MDT 2014
    ** Copyright 1986-2014 Xilinx, Inc. All Rights Reserved.

source aula1.tcl -notrace
Command: open_checkpoint /home/rafa/aula1/aula1.runs/impl_1/aula1.dcp
INFO: [Netlist 29-17] Analyzing 3 Unisim elements for replacement
INFO: [Netlist 29-28] Unisim Transformation completed in 0 CPU seconds
INFO: [Project 1-479] Netlist was created with Vivado 2014.2
Loading clock regions from /home/rafa/opt/Xilinx/Vivado/2014.2/data/parts/xilinx/artix7/artix7/xc7a100t/ClockRegion.xml
Loading clock buffers from /home/rafa/opt/Xilinx/Vivado/2014.2/data/parts/xilinx/artix7/artix7/xc7a100t/ClockBuffers.xml
Loading clock placement rules from /home/rafa/opt/Xilinx/Vivado/2014.2/data/parts/xilinx/artix7/ClockPlacerRules.xml
Loading package pin functions from /home/rafa/opt/Xilinx/Vivado/2014.2/data/parts/xilinx/artix7/PinFunctions.xml...
Loading package from /home/rafa/opt/Xilinx/Vivado/2014.2/data/parts/xilinx/artix7/artix7/xc7a100t/csg324/Package.xml
Loading io standards from /home/rafa/opt/Xilinx/Vivado/2014.2/data/./parts/xilinx/artix7/IOStandards.xml
Loading device configuration modes from /home/rafa/opt/Xilinx/Vivado/2014.2/data/parts/xilinx/artix7/ConfigModes.xml
Parsing XDC File [/home/rafa/aula1/aula1.runs/impl_1/.Xil/Vivado-8864-rafa-lts/dcp/aula1.xdc]
Finished Parsing XDC File [/home/rafa/aula1/aula1.runs/impl_1/.Xil/Vivado-8864-rafa-lts/dcp/aula1.xdc]
Reading XDEF placement.
Reading XDEF routing.
Read XDEF File: Time (s): cpu = 00:00:00.03 ; elapsed = 00:00:00.03 . Memory (MB): peak = 972.551 ; gain = 0.000
Restoring placement.
Restored 6 out of 6 XDEF sites from archive | CPU: 0.050000 secs | Memory: 0.021500 MB |
INFO: [Opt 31-138] Pushed 0 inverter(s) to 0 load pin(s).
INFO: [Project 1-111] Unisim Transformation Summary:
No Unisim elements were transformed.

INFO: [Project 1-484] Checkpoint was created with build 932637
open_checkpoint: Time (s): cpu = 00:00:07 ; elapsed = 00:00:08 . Memory (MB): peak = 972.551 ; gain = 242.750
Command: opt_design
Attempting to get a license for feature 'Implementation' and/or device 'xc7a100t'
INFO: [Common 17-349] Got license for feature 'Implementation' and/or device 'xc7a100t'
Running DRC as a precondition to command opt_design

Starting DRC Task
INFO: [Drc 23-27] Running DRC with 4 threads
INFO: [Project 1-461] DRC finished with 0 Errors
INFO: [Project 1-462] Please refer to the DRC report (report_drc) for more information.

Time (s): cpu = 00:00:00.13 ; elapsed = 00:00:00.13 . Memory (MB): peak = 980.562 ; gain = 8.008
INFO: [Timing 38-35] Done setting XDC timing constraints.

Starting Logic Optimization Task

Phase 1 Retarget

INFO: [Opt 31-138] Pushed 0 inverter(s) to 0 load pin(s).
INFO: [Opt 31-49] Retargeted 0 cell(s).
Phase 1 Retarget | Checksum: 1e30e170e

Time (s): cpu = 00:00:00.01 ; elapsed = 00:00:00.01 . Memory (MB): peak = 1334.992 ; gain = 0.000

Phase 2 Constant Propagation
INFO: [Opt 31-138] Pushed 0 inverter(s) to 0 load pin(s).
INFO: [Opt 31-10] Eliminated 0 cells.
Phase 2 Constant Propagation | Checksum: 1e30e170e

Time (s): cpu = 00:00:00.01 ; elapsed = 00:00:00.01 . Memory (MB): peak = 1334.992 ; gain = 0.000

Phase 3 Sweep
INFO: [Opt 31-12] Eliminated 0 unconnected nets.
INFO: [Opt 31-140] Inserted 0 IBUFs to IO ports without IO buffers.
INFO: [Opt 31-141] Inserted 0 OBUFs to IO ports without IO buffers.
INFO: [Opt 31-11] Eliminated 0 unconnected cells.
Phase 3 Sweep | Checksum: 1e30e170e

Time (s): cpu = 00:00:00.02 ; elapsed = 00:00:00.05 . Memory (MB): peak = 1334.992 ; gain = 0.000
Ending Logic Optimization Task | Checksum: 1e30e170e

Time (s): cpu = 00:00:00.02 ; elapsed = 00:00:00.06 . Memory (MB): peak = 1334.992 ; gain = 0.000
Implement Debug Cores | Checksum: 1e30e170e
Logic Optimization | Checksum: 1e30e170e

Starting Power Optimization Task
INFO: [Pwropt 34-132] Will skip clock gating for clocks with period < 3.12 ns.
Ending Power Optimization Task | Checksum: 1e30e170e

Time (s): cpu = 00:00:00.03 ; elapsed = 00:00:00.16 . Memory (MB): peak = 1334.992 ; gain = 0.000
INFO: [Common 17-83] Releasing license: Implementation
21 Infos, 0 Warnings, 0 Critical Warnings and 0 Errors encountered.
opt_design completed successfully
opt_design: Time (s): cpu = 00:00:32 ; elapsed = 00:00:57 . Memory (MB): peak = 1334.992 ; gain = 362.438
Writing XDEF routing.
Writing XDEF routing logical nets.
Writing XDEF routing special nets.
Write XDEF Complete: Time (s): cpu = 00:00:00.30 ; elapsed = 00:00:00.90 . Memory (MB): peak = 1334.996 ; gain = 0.000
Command: place_design
Attempting to get a license for feature 'Implementation' and/or device 'xc7a100t'
INFO: [Common 17-349] Got license for feature 'Implementation' and/or device 'xc7a100t'
Running DRC as a precondition to command place_design
INFO: [Drc 23-27] Running DRC with 4 threads
INFO: [Vivado_Tcl 4-198] DRC finished with 0 Errors
INFO: [Vivado_Tcl 4-199] Please refer to the DRC report (report_drc) for more information.

Starting Placer Task
INFO: [Place 30-611] Multithreading enabled for place_design using a maximum of 4 CPUs

Phase 1 Placer Runtime Estimator
Phase 1 Placer Runtime Estimator | Checksum: 1318b25ff

Time (s): cpu = 00:00:00.05 ; elapsed = 00:00:00.10 . Memory (MB): peak = 1334.996 ; gain = 0.000

Phase 2 Placer Initialization

Phase 2.1 Placer Initialization Core
Netlist sorting complete. Time (s): cpu = 00:00:00 ; elapsed = 00:00:00 . Memory (MB): peak = 1334.996 ; gain = 0.000

Phase 2.1.1 Mandatory Logic Optimization
Netlist sorting complete. Time (s): cpu = 00:00:00 ; elapsed = 00:00:00 . Memory (MB): peak = 1334.996 ; gain = 0.000
Phase 2.1.1 Mandatory Logic Optimization | Checksum: 8730bf32

Time (s): cpu = 00:00:00.06 ; elapsed = 00:00:00.11 . Memory (MB): peak = 1334.996 ; gain = 0.000

Phase 2.1.2 Build Super Logic Region (SLR) Database
Phase 2.1.2 Build Super Logic Region (SLR) Database | Checksum: 8730bf32

Time (s): cpu = 00:00:00.11 ; elapsed = 00:00:00.23 . Memory (MB): peak = 1334.996 ; gain = 0.000

Phase 2.1.3 Add Constraints
Phase 2.1.3 Add Constraints | Checksum: 8730bf32

Time (s): cpu = 00:00:00.12 ; elapsed = 00:00:00.24 . Memory (MB): peak = 1334.996 ; gain = 0.000

Phase 2.1.4 Build Shapes/ HD Config

Phase 2.1.4.1 Build Macros
Phase 2.1.4.1 Build Macros | Checksum: 1318b25ff

Time (s): cpu = 00:00:00.18 ; elapsed = 00:00:00.32 . Memory (MB): peak = 1359.004 ; gain = 24.008
Phase 2.1.4 Build Shapes/ HD Config | Checksum: 1318b25ff

Time (s): cpu = 00:00:00.19 ; elapsed = 00:00:00.34 . Memory (MB): peak = 1359.004 ; gain = 24.008

Phase 2.1.5 IO Placement/ Clock Placement/ Build Placer Device

Phase 2.1.5.1 Pre-Place Cells
Phase 2.1.5.1 Pre-Place Cells | Checksum: 8730bf32

Time (s): cpu = 00:00:00.21 ; elapsed = 00:00:00.37 . Memory (MB): peak = 1359.004 ; gain = 24.008
INFO: [Timing 38-35] Done setting XDC timing constraints.

Phase 2.1.5.2 IO & Clk Clean Up
Phase 2.1.5.2 IO & Clk Clean Up | Checksum: 8730bf32

Time (s): cpu = 00:00:00.90 ; elapsed = 00:00:02 . Memory (MB): peak = 1359.004 ; gain = 24.008

Phase 2.1.5.3 Implementation Feasibility check On IDelay
Phase 2.1.5.3 Implementation Feasibility check On IDelay | Checksum: 8730bf32

Time (s): cpu = 00:00:00.90 ; elapsed = 00:00:02 . Memory (MB): peak = 1359.004 ; gain = 24.008

Phase 2.1.5.4 Commit IO Placement
Phase 2.1.5.4 Commit IO Placement | Checksum: 8730bf32

Time (s): cpu = 00:00:00.90 ; elapsed = 00:00:02 . Memory (MB): peak = 1359.004 ; gain = 24.008
Phase 2.1.5 IO Placement/ Clock Placement/ Build Placer Device | Checksum: 1318b25ff

Time (s): cpu = 00:00:00.90 ; elapsed = 00:00:02 . Memory (MB): peak = 1359.004 ; gain = 24.008

Phase 2.1.6 Build Placer Netlist Model

Phase 2.1.6.1 Place Init Design
Phase 2.1.6.1 Place Init Design | Checksum: 20d35fe1a

Time (s): cpu = 00:00:00.92 ; elapsed = 00:00:02 . Memory (MB): peak = 1359.004 ; gain = 24.008
Phase 2.1.6 Build Placer Netlist Model | Checksum: 20d35fe1a

Time (s): cpu = 00:00:00.93 ; elapsed = 00:00:02 . Memory (MB): peak = 1359.004 ; gain = 24.008

Phase 2.1.7 Constrain Clocks/Macros

Phase 2.1.7.1 Constrain Global/Regional Clocks
Phase 2.1.7.1 Constrain Global/Regional Clocks | Checksum: 20d35fe1a

Time (s): cpu = 00:00:00.94 ; elapsed = 00:00:02 . Memory (MB): peak = 1359.004 ; gain = 24.008
Phase 2.1.7 Constrain Clocks/Macros | Checksum: 20d35fe1a

Time (s): cpu = 00:00:00.94 ; elapsed = 00:00:02 . Memory (MB): peak = 1359.004 ; gain = 24.008
Phase 2.1 Placer Initialization Core | Checksum: 20d35fe1a

Time (s): cpu = 00:00:00.94 ; elapsed = 00:00:02 . Memory (MB): peak = 1359.004 ; gain = 24.008
Phase 2 Placer Initialization | Checksum: 20d35fe1a

Time (s): cpu = 00:00:00.94 ; elapsed = 00:00:02 . Memory (MB): peak = 1359.004 ; gain = 24.008

Phase 3 Global Placement
Phase 3 Global Placement | Checksum: 1e61c74db

Time (s): cpu = 00:00:07 ; elapsed = 00:00:06 . Memory (MB): peak = 1360.004 ; gain = 25.008

Phase 4 Detail Placement

Phase 4.1 Commit Multi Column Macros
Phase 4.1 Commit Multi Column Macros | Checksum: 1e61c74db

Time (s): cpu = 00:00:07 ; elapsed = 00:00:06 . Memory (MB): peak = 1360.004 ; gain = 25.008

Phase 4.2 Commit Most Macros & LUTRAMs
Phase 4.2 Commit Most Macros & LUTRAMs | Checksum: 13d004517

Time (s): cpu = 00:00:07 ; elapsed = 00:00:06 . Memory (MB): peak = 1362.004 ; gain = 27.008

Phase 4.3 Area Swap Optimization
Phase 4.3 Area Swap Optimization | Checksum: 1e61c74db

Time (s): cpu = 00:00:07 ; elapsed = 00:00:06 . Memory (MB): peak = 1362.004 ; gain = 27.008

Phase 4.4 Commit Small Macros & Core Logic
Phase 4.4 Commit Small Macros & Core Logic | Checksum: 17ef41c33

Time (s): cpu = 00:00:07 ; elapsed = 00:00:07 . Memory (MB): peak = 1396.195 ; gain = 61.199

Phase 4.5 Re-assign LUT pins
Phase 4.5 Re-assign LUT pins | Checksum: 17ef41c33

Time (s): cpu = 00:00:07 ; elapsed = 00:00:07 . Memory (MB): peak = 1396.195 ; gain = 61.199
Phase 4 Detail Placement | Checksum: 17ef41c33

Time (s): cpu = 00:00:07 ; elapsed = 00:00:07 . Memory (MB): peak = 1396.195 ; gain = 61.199

Phase 5 Post Placement Optimization and Clean-Up

Phase 5.1 PCOPT Shape updates
Phase 5.1 PCOPT Shape updates | Checksum: 12881ca00

Time (s): cpu = 00:00:07 ; elapsed = 00:00:07 . Memory (MB): peak = 1396.195 ; gain = 61.199

Phase 5.2 Post Placement Cleanup
Phase 5.2 Post Placement Cleanup | Checksum: 12881ca00

Time (s): cpu = 00:00:07 ; elapsed = 00:00:07 . Memory (MB): peak = 1396.195 ; gain = 61.199

Phase 5.3 Placer Reporting
Phase 5.3 Placer Reporting | Checksum: 12881ca00

Time (s): cpu = 00:00:07 ; elapsed = 00:00:07 . Memory (MB): peak = 1396.195 ; gain = 61.199

Phase 5.4 Final Placement Cleanup
Phase 5.4 Final Placement Cleanup | Checksum: 12881ca00

Time (s): cpu = 00:00:07 ; elapsed = 00:00:07 . Memory (MB): peak = 1396.195 ; gain = 61.199
Phase 5 Post Placement Optimization and Clean-Up | Checksum: 12881ca00

Time (s): cpu = 00:00:07 ; elapsed = 00:00:07 . Memory (MB): peak = 1396.195 ; gain = 61.199
Ending Placer Task | Checksum: b3b7525e

Time (s): cpu = 00:00:07 ; elapsed = 00:00:07 . Memory (MB): peak = 1396.195 ; gain = 61.199
INFO: [Common 17-83] Releasing license: Implementation
28 Infos, 0 Warnings, 0 Critical Warnings and 0 Errors encountered.
place_design completed successfully
place_design: Time (s): cpu = 00:00:08 ; elapsed = 00:00:07 . Memory (MB): peak = 1396.195 ; gain = 61.199
Writing XDEF routing.
Writing XDEF routing logical nets.
Writing XDEF routing special nets.
Write XDEF Complete: Time (s): cpu = 00:00:00.10 ; elapsed = 00:00:00.11 . Memory (MB): peak = 1404.203 ; gain = 8.004
report_utilization: Time (s): cpu = 00:00:00.21 ; elapsed = 00:00:00.23 . Memory (MB): peak = 1404.207 ; gain = 0.000
Command: route_design
Attempting to get a license for feature 'Implementation' and/or device 'xc7a100t'
INFO: [Common 17-349] Got license for feature 'Implementation' and/or device 'xc7a100t'
Running DRC as a precondition to command route_design
INFO: [Drc 23-27] Running DRC with 4 threads
INFO: [Vivado_Tcl 4-198] DRC finished with 0 Errors
INFO: [Vivado_Tcl 4-199] Please refer to the DRC report (report_drc) for more information.


Starting Routing Task
INFO: [Route 35-254] Multithreading enabled for route_design using a maximum of 4 CPUs

Starting Route Task

Phase 1 Build RT Design
Phase 1 Build RT Design | Checksum: 100b2afa4

Time (s): cpu = 00:00:53 ; elapsed = 00:00:44 . Memory (MB): peak = 1550.766 ; gain = 130.562

Phase 2 Router Initialization
INFO: [Route 35-64] No timing constraints were detected. The router will operate in resource-optimization mode.
 Number of Nodes with overlaps = 0
Phase 2 Router Initialization | Checksum: ec64b174

Time (s): cpu = 00:00:54 ; elapsed = 00:00:45 . Memory (MB): peak = 1572.031 ; gain = 151.828

Phase 3 Initial Routing
 Number of Nodes with overlaps = 0
Phase 3 Initial Routing | Checksum: 164d9656c

Time (s): cpu = 00:00:54 ; elapsed = 00:00:45 . Memory (MB): peak = 1572.031 ; gain = 151.828

Phase 4 Rip-up And Reroute

Phase 4.1 Global Iteration 0
Phase 4.1 Global Iteration 0 | Checksum: 164d9656c

Time (s): cpu = 00:00:54 ; elapsed = 00:00:45 . Memory (MB): peak = 1572.031 ; gain = 151.828

Phase 4.2 Global Iteration 1
Phase 4.2 Global Iteration 1 | Checksum: 164d9656c

Time (s): cpu = 00:00:54 ; elapsed = 00:00:45 . Memory (MB): peak = 1572.031 ; gain = 151.828

Phase 4.3 Global Iteration 2
Phase 4.3 Global Iteration 2 | Checksum: 164d9656c

Time (s): cpu = 00:00:54 ; elapsed = 00:00:45 . Memory (MB): peak = 1572.031 ; gain = 151.828

Phase 4.4 Global Iteration 3
Phase 4.4 Global Iteration 3 | Checksum: 164d9656c

Time (s): cpu = 00:00:54 ; elapsed = 00:00:45 . Memory (MB): peak = 1572.031 ; gain = 151.828

Phase 4.5 Global Iteration 4
Phase 4.5 Global Iteration 4 | Checksum: 164d9656c

Time (s): cpu = 00:00:54 ; elapsed = 00:00:45 . Memory (MB): peak = 1572.031 ; gain = 151.828
Phase 4 Rip-up And Reroute | Checksum: 164d9656c

Time (s): cpu = 00:00:54 ; elapsed = 00:00:45 . Memory (MB): peak = 1572.031 ; gain = 151.828

Phase 5 Post Hold Fix
Phase 5 Post Hold Fix | Checksum: 164d9656c

Time (s): cpu = 00:00:54 ; elapsed = 00:00:45 . Memory (MB): peak = 1572.031 ; gain = 151.828

Phase 6 Route finalize

Router Utilization Summary
  Global Vertical Routing Utilization    = 0.000870436 %
  Global Horizontal Routing Utilization  = 0.000710429 %
  Routable Net Status*
  *Does not include unroutable nets such as driverless and loadless.
  Run report_route_status for detailed report.
  Number of Failed Nets               = 0
  Number of Unrouted Nets             = 0
  Number of Partially Routed Nets     = 0
  Number of Node Overlaps             = 0

Congestion Report
North Dir 1x1 Area, Max Cong = 5.40541%, No Congested Regions.
South Dir 1x1 Area, Max Cong = 3.6036%, No Congested Regions.
East Dir 1x1 Area, Max Cong = 4.41176%, No Congested Regions.
West Dir 1x1 Area, Max Cong = 2.94118%, No Congested Regions.
Phase 6 Route finalize | Checksum: 164d9656c

Time (s): cpu = 00:00:54 ; elapsed = 00:00:45 . Memory (MB): peak = 1572.031 ; gain = 151.828

Phase 7 Verifying routed nets

 Verification completed successfully
Phase 7 Verifying routed nets | Checksum: 164d9656c

Time (s): cpu = 00:00:54 ; elapsed = 00:00:45 . Memory (MB): peak = 1572.031 ; gain = 151.828

Phase 8 Depositing Routes
Phase 8 Depositing Routes | Checksum: 114160744

Time (s): cpu = 00:00:54 ; elapsed = 00:00:45 . Memory (MB): peak = 1572.031 ; gain = 151.828
INFO: [Route 35-16] Router Completed Successfully
Ending Route Task | Checksum: 114160744

Time (s): cpu = 00:00:54 ; elapsed = 00:00:45 . Memory (MB): peak = 1572.031 ; gain = 151.828

Routing Is Done.

Time (s): cpu = 00:00:54 ; elapsed = 00:00:45 . Memory (MB): peak = 1572.160 ; gain = 151.957
INFO: [Common 17-83] Releasing license: Implementation
36 Infos, 0 Warnings, 0 Critical Warnings and 0 Errors encountered.
route_design completed successfully
route_design: Time (s): cpu = 00:00:55 ; elapsed = 00:00:46 . Memory (MB): peak = 1572.160 ; gain = 167.953
Writing XDEF routing.
Writing XDEF routing logical nets.
Writing XDEF routing special nets.
Write XDEF Complete: Time (s): cpu = 00:00:00.14 ; elapsed = 00:00:00.13 . Memory (MB): peak = 1572.160 ; gain = 0.000
INFO: [Drc 23-27] Running DRC with 4 threads
INFO: [Coretcl 2-168] The results of DRC are in file /home/rafa/aula1/aula1.runs/impl_1/aula1_drc_routed.rpt.
INFO: [Timing 38-91] UpdateTimingParams: Speed grade: -1, Delay Type: min_max, Constraints type: SDC.
INFO: [Timing 38-191] Multithreading enabled for timing update using a maximum of 4 CPUs
WARNING: [Power 33-232] No user defined clocks was found in the design!
Resolution: Please specify clocks using create_clock/create_generated_clock for sequential elements. For pure combinatorial circuits, please specify a virtual clock, otherwise the vectorless estimation might be inaccurate
Running Vector-less Activity Propagation...

Finished Running Vector-less Activity Propagation
INFO: [Common 17-206] Exiting Vivado at Tue Oct  7 21:02:52 2014...

*** Running vivado
    with args -log aula1.vdi -applog -m64 -messageDb vivado.pb -mode batch -source aula1.tcl -notrace


****** Vivado v2014.2 (64-bit)
  **** SW Build 932637 on Wed Jun 11 13:12:34 MDT 2014
  **** IP Build 924643 on Fri May 30 09:20:16 MDT 2014
    ** Copyright 1986-2014 Xilinx, Inc. All Rights Reserved.

source aula1.tcl -notrace
Command: open_checkpoint aula1_routed.dcp
INFO: [Netlist 29-17] Analyzing 3 Unisim elements for replacement
INFO: [Netlist 29-28] Unisim Transformation completed in 0 CPU seconds
INFO: [Project 1-479] Netlist was created with Vivado 2014.2
Loading clock regions from /home/rafa/opt/Xilinx/Vivado/2014.2/data/parts/xilinx/artix7/artix7/xc7a100t/ClockRegion.xml
Loading clock buffers from /home/rafa/opt/Xilinx/Vivado/2014.2/data/parts/xilinx/artix7/artix7/xc7a100t/ClockBuffers.xml
Loading clock placement rules from /home/rafa/opt/Xilinx/Vivado/2014.2/data/parts/xilinx/artix7/ClockPlacerRules.xml
Loading package pin functions from /home/rafa/opt/Xilinx/Vivado/2014.2/data/parts/xilinx/artix7/PinFunctions.xml...
Loading package from /home/rafa/opt/Xilinx/Vivado/2014.2/data/parts/xilinx/artix7/artix7/xc7a100t/csg324/Package.xml
Loading io standards from /home/rafa/opt/Xilinx/Vivado/2014.2/data/./parts/xilinx/artix7/IOStandards.xml
Loading device configuration modes from /home/rafa/opt/Xilinx/Vivado/2014.2/data/parts/xilinx/artix7/ConfigModes.xml
Parsing XDC File [/home/rafa/aula1/aula1.runs/impl_1/.Xil/Vivado-11068-rafa-lts/dcp/aula1.xdc]
Finished Parsing XDC File [/home/rafa/aula1/aula1.runs/impl_1/.Xil/Vivado-11068-rafa-lts/dcp/aula1.xdc]
Reading XDEF placement.
Reading XDEF routing.
Read XDEF File: Time (s): cpu = 00:00:00.02 ; elapsed = 00:00:00.03 . Memory (MB): peak = 972.555 ; gain = 0.000
Restoring placement.
Restored 7 out of 7 XDEF sites from archive | CPU: 0.030000 secs | Memory: 0.026878 MB |
INFO: [Opt 31-138] Pushed 0 inverter(s) to 0 load pin(s).
INFO: [Project 1-111] Unisim Transformation Summary:
No Unisim elements were transformed.

INFO: [Project 1-484] Checkpoint was created with build 932637
open_checkpoint: Time (s): cpu = 00:00:08 ; elapsed = 00:00:08 . Memory (MB): peak = 972.555 ; gain = 242.750
Attempting to get a license for feature 'Implementation' and/or device 'xc7a100t'
INFO: [Common 17-349] Got license for feature 'Implementation' and/or device 'xc7a100t'
Running DRC as a precondition to command write_bitstream
INFO: [Drc 23-27] Running DRC with 4 threads
INFO: [Vivado 12-3199] DRC finished with 0 Errors, 1 Warnings
INFO: [Vivado 12-3200] Please refer to the DRC report (report_drc) for more information.
Loading data files...
Loading site data...
Loading route data...
Processing options...
Creating bitmap...
Creating bitstream...
Writing bitstream ./aula1.bit...
INFO: [Vivado 12-1842] Bitgen Completed Successfully.
INFO: [Project 1-118] WebTalk data collection is enabled (User setting is ON. Install Setting is ON.).
INFO: [Common 17-186] '/home/rafa/aula1/aula1.runs/impl_1/usage_statistics_webtalk.xml' has been successfully sent to Xilinx on Tue Oct  7 21:06:20 2014. For additional details about this file, please refer to the WebTalk help file at /home/rafa/opt/Xilinx/Vivado/2014.2/doc/webtalk_introduction.html.
INFO: [Common 17-83] Releasing license: Implementation
write_bitstream: Time (s): cpu = 00:00:54 ; elapsed = 00:00:56 . Memory (MB): peak = 1336.672 ; gain = 364.117
INFO: [Common 17-206] Exiting Vivado at Tue Oct  7 21:06:20 2014...
