
*** Running vivado
    with args -log mux.vdi -applog -m64 -messageDb vivado.pb -mode batch -source mux.tcl -notrace


****** Vivado v2014.2 (64-bit)
  **** SW Build 932637 on Wed Jun 11 13:12:34 MDT 2014
  **** IP Build 924643 on Fri May 30 09:20:16 MDT 2014
    ** Copyright 1986-2014 Xilinx, Inc. All Rights Reserved.

source mux.tcl -notrace
Command: open_checkpoint {/home/rafa/Dropbox/Aulas/Pos/2014/LogicaProgramavel/Exemplos/06-Sequencial/06- IF SELECT/06- IF SELECT/06- IF SELECT.runs/impl_1/mux.dcp}
INFO: [Netlist 29-17] Analyzing 6 Unisim elements for replacement
INFO: [Netlist 29-28] Unisim Transformation completed in 0 CPU seconds
INFO: [Project 1-479] Netlist was created with Vivado 2014.2
Loading clock regions from /home/rafa/opt/Xilinx/Vivado/2014.2/data/parts/xilinx/artix7/artix7/xc7a100t/ClockRegion.xml
Loading clock buffers from /home/rafa/opt/Xilinx/Vivado/2014.2/data/parts/xilinx/artix7/artix7/xc7a100t/ClockBuffers.xml
Loading clock placement rules from /home/rafa/opt/Xilinx/Vivado/2014.2/data/parts/xilinx/artix7/ClockPlacerRules.xml
Loading package pin functions from /home/rafa/opt/Xilinx/Vivado/2014.2/data/parts/xilinx/artix7/PinFunctions.xml...
Loading package from /home/rafa/opt/Xilinx/Vivado/2014.2/data/parts/xilinx/artix7/artix7/xc7a100t/csg324/Package.xml
Loading io standards from /home/rafa/opt/Xilinx/Vivado/2014.2/data/./parts/xilinx/artix7/IOStandards.xml
Loading device configuration modes from /home/rafa/opt/Xilinx/Vivado/2014.2/data/parts/xilinx/artix7/ConfigModes.xml
Parsing XDC File [/home/rafa/Dropbox/Aulas/Pos/2014/LogicaProgramavel/Exemplos/06-Sequencial/06- IF SELECT/06- IF SELECT/06- IF SELECT.runs/impl_1/.Xil/Vivado-22222-rafa-lts/dcp/mux.xdc]
Finished Parsing XDC File [/home/rafa/Dropbox/Aulas/Pos/2014/LogicaProgramavel/Exemplos/06-Sequencial/06- IF SELECT/06- IF SELECT/06- IF SELECT.runs/impl_1/.Xil/Vivado-22222-rafa-lts/dcp/mux.xdc]
INFO: [Opt 31-138] Pushed 0 inverter(s) to 0 load pin(s).
INFO: [Project 1-111] Unisim Transformation Summary:
No Unisim elements were transformed.

INFO: [Project 1-484] Checkpoint was created with build 932637
open_checkpoint: Time (s): cpu = 00:00:09 ; elapsed = 00:00:09 . Memory (MB): peak = 972.555 ; gain = 242.750
Command: opt_design
Attempting to get a license for feature 'Implementation' and/or device 'xc7a100t'
INFO: [Common 17-349] Got license for feature 'Implementation' and/or device 'xc7a100t'
Running DRC as a precondition to command opt_design

Starting DRC Task
INFO: [Drc 23-27] Running DRC with 4 threads
INFO: [Project 1-461] DRC finished with 0 Errors
INFO: [Project 1-462] Please refer to the DRC report (report_drc) for more information.

Time (s): cpu = 00:00:00.12 ; elapsed = 00:00:00.13 . Memory (MB): peak = 979.566 ; gain = 7.008
INFO: [Timing 38-35] Done setting XDC timing constraints.

Starting Logic Optimization Task

Phase 1 Retarget

INFO: [Opt 31-138] Pushed 0 inverter(s) to 0 load pin(s).
INFO: [Opt 31-49] Retargeted 0 cell(s).
Phase 1 Retarget | Checksum: 8fc38611

Time (s): cpu = 00:00:00 ; elapsed = 00:00:00.01 . Memory (MB): peak = 1333.996 ; gain = 0.000

Phase 2 Constant Propagation
INFO: [Opt 31-138] Pushed 0 inverter(s) to 0 load pin(s).
INFO: [Opt 31-10] Eliminated 0 cells.
Phase 2 Constant Propagation | Checksum: 8fc38611

Time (s): cpu = 00:00:00.01 ; elapsed = 00:00:00.02 . Memory (MB): peak = 1333.996 ; gain = 0.000

Phase 3 Sweep
INFO: [Opt 31-12] Eliminated 0 unconnected nets.
INFO: [Opt 31-140] Inserted 0 IBUFs to IO ports without IO buffers.
INFO: [Opt 31-141] Inserted 0 OBUFs to IO ports without IO buffers.
INFO: [Opt 31-11] Eliminated 0 unconnected cells.
Phase 3 Sweep | Checksum: 8fc38611

Time (s): cpu = 00:00:00.01 ; elapsed = 00:00:00.02 . Memory (MB): peak = 1333.996 ; gain = 0.000
Ending Logic Optimization Task | Checksum: 8fc38611

Time (s): cpu = 00:00:00.02 ; elapsed = 00:00:00.03 . Memory (MB): peak = 1333.996 ; gain = 0.000
Implement Debug Cores | Checksum: 8fc38611
Logic Optimization | Checksum: 8fc38611

Starting Power Optimization Task
INFO: [Pwropt 34-132] Will skip clock gating for clocks with period < 3.12 ns.
Ending Power Optimization Task | Checksum: 8fc38611

Time (s): cpu = 00:00:00.03 ; elapsed = 00:00:00.07 . Memory (MB): peak = 1333.996 ; gain = 0.000
INFO: [Common 17-83] Releasing license: Implementation
21 Infos, 0 Warnings, 0 Critical Warnings and 0 Errors encountered.
opt_design completed successfully
opt_design: Time (s): cpu = 00:00:23 ; elapsed = 00:00:24 . Memory (MB): peak = 1333.996 ; gain = 361.438
Command: place_design
Attempting to get a license for feature 'Implementation' and/or device 'xc7a100t'
INFO: [Common 17-349] Got license for feature 'Implementation' and/or device 'xc7a100t'
Running DRC as a precondition to command place_design
INFO: [Drc 23-27] Running DRC with 4 threads
INFO: [Vivado_Tcl 4-198] DRC finished with 0 Errors
INFO: [Vivado_Tcl 4-199] Please refer to the DRC report (report_drc) for more information.

Starting Placer Task
INFO: [Place 30-611] Multithreading enabled for place_design using a maximum of 4 CPUs

Phase 1 Placer Runtime Estimator
Phase 1 Placer Runtime Estimator | Checksum: 16b3f21b

Time (s): cpu = 00:00:00.05 ; elapsed = 00:00:00.13 . Memory (MB): peak = 1334.000 ; gain = 0.000

Phase 2 Placer Initialization

Phase 2.1 Placer Initialization Core
Netlist sorting complete. Time (s): cpu = 00:00:00 ; elapsed = 00:00:00 . Memory (MB): peak = 1334.000 ; gain = 0.000

Phase 2.1.1 Mandatory Logic Optimization
Netlist sorting complete. Time (s): cpu = 00:00:00 ; elapsed = 00:00:00 . Memory (MB): peak = 1334.000 ; gain = 0.000
Phase 2.1.1 Mandatory Logic Optimization | Checksum: 00000000

Time (s): cpu = 00:00:00.06 ; elapsed = 00:00:00.15 . Memory (MB): peak = 1334.000 ; gain = 0.000

Phase 2.1.2 Build Super Logic Region (SLR) Database
Phase 2.1.2 Build Super Logic Region (SLR) Database | Checksum: 00000000

Time (s): cpu = 00:00:00.11 ; elapsed = 00:00:00.26 . Memory (MB): peak = 1334.000 ; gain = 0.000

Phase 2.1.3 Add Constraints
Phase 2.1.3 Add Constraints | Checksum: 00000000

Time (s): cpu = 00:00:00.11 ; elapsed = 00:00:00.26 . Memory (MB): peak = 1334.000 ; gain = 0.000

Phase 2.1.4 Build Shapes/ HD Config

Phase 2.1.4.1 Build Macros
Phase 2.1.4.1 Build Macros | Checksum: 16b3f21b

Time (s): cpu = 00:00:00.17 ; elapsed = 00:00:00.41 . Memory (MB): peak = 1358.008 ; gain = 24.008
Phase 2.1.4 Build Shapes/ HD Config | Checksum: 16b3f21b

Time (s): cpu = 00:00:00.17 ; elapsed = 00:00:00.41 . Memory (MB): peak = 1358.008 ; gain = 24.008

Phase 2.1.5 IO Placement/ Clock Placement/ Build Placer Device

Phase 2.1.5.1 Pre-Place Cells
Phase 2.1.5.1 Pre-Place Cells | Checksum: 00000000

Time (s): cpu = 00:00:00.20 ; elapsed = 00:00:00.47 . Memory (MB): peak = 1358.008 ; gain = 24.008
INFO: [Timing 38-35] Done setting XDC timing constraints.

Phase 2.1.5.2 IO & Clk Clean Up
Phase 2.1.5.2 IO & Clk Clean Up | Checksum: 00000000

Time (s): cpu = 00:00:00.76 ; elapsed = 00:00:01 . Memory (MB): peak = 1358.008 ; gain = 24.008

Phase 2.1.5.3 Implementation Feasibility check On IDelay
Phase 2.1.5.3 Implementation Feasibility check On IDelay | Checksum: 00000000

Time (s): cpu = 00:00:00.76 ; elapsed = 00:00:01 . Memory (MB): peak = 1358.008 ; gain = 24.008

Phase 2.1.5.4 Commit IO Placement
Phase 2.1.5.4 Commit IO Placement | Checksum: 7bc5e971

Time (s): cpu = 00:00:00.76 ; elapsed = 00:00:01 . Memory (MB): peak = 1358.008 ; gain = 24.008
Phase 2.1.5 IO Placement/ Clock Placement/ Build Placer Device | Checksum: 9279db8c

Time (s): cpu = 00:00:00.77 ; elapsed = 00:00:01 . Memory (MB): peak = 1358.008 ; gain = 24.008

Phase 2.1.6 Build Placer Netlist Model

Phase 2.1.6.1 Place Init Design
Phase 2.1.6.1 Place Init Design | Checksum: 18fadb99f

Time (s): cpu = 00:00:00.79 ; elapsed = 00:00:01 . Memory (MB): peak = 1358.008 ; gain = 24.008
Phase 2.1.6 Build Placer Netlist Model | Checksum: 18fadb99f

Time (s): cpu = 00:00:00.79 ; elapsed = 00:00:01 . Memory (MB): peak = 1358.008 ; gain = 24.008

Phase 2.1.7 Constrain Clocks/Macros

Phase 2.1.7.1 Constrain Global/Regional Clocks
Phase 2.1.7.1 Constrain Global/Regional Clocks | Checksum: 18fadb99f

Time (s): cpu = 00:00:00.80 ; elapsed = 00:00:01 . Memory (MB): peak = 1358.008 ; gain = 24.008
Phase 2.1.7 Constrain Clocks/Macros | Checksum: 18fadb99f

Time (s): cpu = 00:00:00.80 ; elapsed = 00:00:01 . Memory (MB): peak = 1358.008 ; gain = 24.008
Phase 2.1 Placer Initialization Core | Checksum: 18fadb99f

Time (s): cpu = 00:00:00.80 ; elapsed = 00:00:01 . Memory (MB): peak = 1358.008 ; gain = 24.008
Phase 2 Placer Initialization | Checksum: 18fadb99f

Time (s): cpu = 00:00:00.80 ; elapsed = 00:00:01 . Memory (MB): peak = 1358.008 ; gain = 24.008

Phase 3 Global Placement
Phase 3 Global Placement | Checksum: 15d1c150b

Time (s): cpu = 00:00:02 ; elapsed = 00:00:02 . Memory (MB): peak = 1360.008 ; gain = 26.008

Phase 4 Detail Placement

Phase 4.1 Commit Multi Column Macros
Phase 4.1 Commit Multi Column Macros | Checksum: 15d1c150b

Time (s): cpu = 00:00:02 ; elapsed = 00:00:02 . Memory (MB): peak = 1360.008 ; gain = 26.008

Phase 4.2 Commit Most Macros & LUTRAMs
Phase 4.2 Commit Most Macros & LUTRAMs | Checksum: 1622fb70c

Time (s): cpu = 00:00:03 ; elapsed = 00:00:02 . Memory (MB): peak = 1362.008 ; gain = 28.008

Phase 4.3 Area Swap Optimization
Phase 4.3 Area Swap Optimization | Checksum: 15d1c150b

Time (s): cpu = 00:00:03 ; elapsed = 00:00:02 . Memory (MB): peak = 1362.008 ; gain = 28.008

Phase 4.4 Commit Small Macros & Core Logic
Phase 4.4 Commit Small Macros & Core Logic | Checksum: 495ff528

Time (s): cpu = 00:00:03 ; elapsed = 00:00:03 . Memory (MB): peak = 1396.199 ; gain = 62.199

Phase 4.5 Re-assign LUT pins
Phase 4.5 Re-assign LUT pins | Checksum: 495ff528

Time (s): cpu = 00:00:03 ; elapsed = 00:00:03 . Memory (MB): peak = 1396.199 ; gain = 62.199
Phase 4 Detail Placement | Checksum: 495ff528

Time (s): cpu = 00:00:03 ; elapsed = 00:00:03 . Memory (MB): peak = 1396.199 ; gain = 62.199

Phase 5 Post Placement Optimization and Clean-Up

Phase 5.1 PCOPT Shape updates
Phase 5.1 PCOPT Shape updates | Checksum: 495ff528

Time (s): cpu = 00:00:03 ; elapsed = 00:00:03 . Memory (MB): peak = 1396.199 ; gain = 62.199

Phase 5.2 Post Placement Cleanup
Phase 5.2 Post Placement Cleanup | Checksum: 495ff528

Time (s): cpu = 00:00:03 ; elapsed = 00:00:03 . Memory (MB): peak = 1396.199 ; gain = 62.199

Phase 5.3 Placer Reporting
Phase 5.3 Placer Reporting | Checksum: 495ff528

Time (s): cpu = 00:00:03 ; elapsed = 00:00:03 . Memory (MB): peak = 1396.199 ; gain = 62.199

Phase 5.4 Final Placement Cleanup
Phase 5.4 Final Placement Cleanup | Checksum: 495ff528

Time (s): cpu = 00:00:03 ; elapsed = 00:00:03 . Memory (MB): peak = 1396.199 ; gain = 62.199
Phase 5 Post Placement Optimization and Clean-Up | Checksum: 495ff528

Time (s): cpu = 00:00:03 ; elapsed = 00:00:03 . Memory (MB): peak = 1396.199 ; gain = 62.199
Ending Placer Task | Checksum: 1c6727f8

Time (s): cpu = 00:00:03 ; elapsed = 00:00:03 . Memory (MB): peak = 1396.199 ; gain = 62.199
INFO: [Common 17-83] Releasing license: Implementation
28 Infos, 0 Warnings, 0 Critical Warnings and 0 Errors encountered.
place_design completed successfully
Writing XDEF routing.
Writing XDEF routing logical nets.
Writing XDEF routing special nets.
Write XDEF Complete: Time (s): cpu = 00:00:00.26 ; elapsed = 00:00:00.27 . Memory (MB): peak = 1404.207 ; gain = 8.004
report_utilization: Time (s): cpu = 00:00:00.18 ; elapsed = 00:00:00.23 . Memory (MB): peak = 1404.211 ; gain = 0.000
Command: route_design
Attempting to get a license for feature 'Implementation' and/or device 'xc7a100t'
INFO: [Common 17-349] Got license for feature 'Implementation' and/or device 'xc7a100t'
Running DRC as a precondition to command route_design
INFO: [Drc 23-27] Running DRC with 4 threads
INFO: [Vivado_Tcl 4-198] DRC finished with 0 Errors
INFO: [Vivado_Tcl 4-199] Please refer to the DRC report (report_drc) for more information.


Starting Routing Task
INFO: [Route 35-254] Multithreading enabled for route_design using a maximum of 4 CPUs

Starting Route Task

Phase 1 Build RT Design
Phase 1 Build RT Design | Checksum: 116f119fb

Time (s): cpu = 00:00:54 ; elapsed = 00:00:45 . Memory (MB): peak = 1552.770 ; gain = 131.562

Phase 2 Router Initialization
INFO: [Route 35-64] No timing constraints were detected. The router will operate in resource-optimization mode.
Phase 2 Router Initialization | Checksum: 116f119fb

Time (s): cpu = 00:00:54 ; elapsed = 00:00:45 . Memory (MB): peak = 1573.035 ; gain = 151.828

Phase 3 Initial Routing
Phase 3 Initial Routing | Checksum: dd5f89ab

Time (s): cpu = 00:00:55 ; elapsed = 00:00:45 . Memory (MB): peak = 1573.035 ; gain = 151.828

Phase 4 Rip-up And Reroute

Phase 4.1 Global Iteration 0
 Number of Nodes with overlaps = 0
Phase 4.1 Global Iteration 0 | Checksum: 173c06f80

Time (s): cpu = 00:00:55 ; elapsed = 00:00:45 . Memory (MB): peak = 1573.035 ; gain = 151.828
Phase 4 Rip-up And Reroute | Checksum: 173c06f80

Time (s): cpu = 00:00:55 ; elapsed = 00:00:45 . Memory (MB): peak = 1573.035 ; gain = 151.828

Phase 5 Post Hold Fix
Phase 5 Post Hold Fix | Checksum: 173c06f80

Time (s): cpu = 00:00:55 ; elapsed = 00:00:45 . Memory (MB): peak = 1573.035 ; gain = 151.828

Phase 6 Route finalize

Router Utilization Summary
  Global Vertical Routing Utilization    = 0.000565783 %
  Global Horizontal Routing Utilization  = 0.000994601 %
  Routable Net Status*
  *Does not include unroutable nets such as driverless and loadless.
  Run report_route_status for detailed report.
  Number of Failed Nets               = 0
  Number of Unrouted Nets             = 0
  Number of Partially Routed Nets     = 0
  Number of Node Overlaps             = 0

Congestion Report
North Dir 1x1 Area, Max Cong = 0.900901%, No Congested Regions.
South Dir 1x1 Area, Max Cong = 3.6036%, No Congested Regions.
East Dir 1x1 Area, Max Cong = 2.94118%, No Congested Regions.
West Dir 1x1 Area, Max Cong = 2.94118%, No Congested Regions.
Phase 6 Route finalize | Checksum: 173c06f80

Time (s): cpu = 00:00:55 ; elapsed = 00:00:45 . Memory (MB): peak = 1573.035 ; gain = 151.828

Phase 7 Verifying routed nets

 Verification completed successfully
Phase 7 Verifying routed nets | Checksum: 173c06f80

Time (s): cpu = 00:00:55 ; elapsed = 00:00:45 . Memory (MB): peak = 1573.035 ; gain = 151.828

Phase 8 Depositing Routes
Phase 8 Depositing Routes | Checksum: 173c06f80

Time (s): cpu = 00:00:55 ; elapsed = 00:00:45 . Memory (MB): peak = 1573.035 ; gain = 151.828
INFO: [Route 35-16] Router Completed Successfully
Ending Route Task | Checksum: 173c06f80

Time (s): cpu = 00:00:55 ; elapsed = 00:00:45 . Memory (MB): peak = 1573.035 ; gain = 151.828

Routing Is Done.

Time (s): cpu = 00:00:55 ; elapsed = 00:00:45 . Memory (MB): peak = 1573.160 ; gain = 151.953
INFO: [Common 17-83] Releasing license: Implementation
36 Infos, 0 Warnings, 0 Critical Warnings and 0 Errors encountered.
route_design completed successfully
route_design: Time (s): cpu = 00:00:56 ; elapsed = 00:00:46 . Memory (MB): peak = 1573.160 ; gain = 168.949
Writing XDEF routing.
Writing XDEF routing logical nets.
Writing XDEF routing special nets.
Write XDEF Complete: Time (s): cpu = 00:00:00.11 ; elapsed = 00:00:00.12 . Memory (MB): peak = 1573.160 ; gain = 0.000
INFO: [Drc 23-27] Running DRC with 4 threads
INFO: [Coretcl 2-168] The results of DRC are in file /home/rafa/Dropbox/Aulas/Pos/2014/LogicaProgramavel/Exemplos/06-Sequencial/06- IF SELECT/06- IF SELECT/06- IF SELECT.runs/impl_1/mux_drc_routed.rpt.
INFO: [Timing 38-91] UpdateTimingParams: Speed grade: -1, Delay Type: min_max, Constraints type: SDC.
INFO: [Timing 38-191] Multithreading enabled for timing update using a maximum of 4 CPUs
WARNING: [Power 33-232] No user defined clocks was found in the design!
Resolution: Please specify clocks using create_clock/create_generated_clock for sequential elements. For pure combinatorial circuits, please specify a virtual clock, otherwise the vectorless estimation might be inaccurate
Running Vector-less Activity Propagation...

Finished Running Vector-less Activity Propagation
INFO: [Common 17-206] Exiting Vivado at Wed Sep 24 12:07:09 2014...
