Vivado Simulator 2013.4
Copyright 1986-1999, 2001-2013 Xilinx, Inc. All Rights Reserved.
Running: /home/rafael/opt/Xilinx/Vivado/2013.4/bin/unwrapped/lnx64.o/xelab --debug typical --relax -L work -L secureip --snapshot tb_behav --prj /home/rafael/Dropbox/Aulas/Pos/2014/Logica_Programavel/Exemplos/7segmentos/source/Nexys4_Vivado_Basic/Nexys4_Vivado_Basic.sim/sim_1/behav/tb.prj work.tb 
Multi-threading is on. Using 2 slave threads.
INFO: [VRFC 10-163] Analyzing VHDL file "/home/rafael/Dropbox/Aulas/Pos/2014/Logica_Programavel/Exemplos/7segmentos/source/Nexys4_Vivado_Basic/Nexys4_Vivado_Basic.srcs/sources_1/new/RGB_controller.vhd" into library work
INFO: [VRFC 10-163] Analyzing VHDL file "/home/rafael/Dropbox/Aulas/Pos/2014/Logica_Programavel/Exemplos/7segmentos/source/Nexys4_Vivado_Basic/Nexys4_Vivado_Basic.srcs/sources_1/new/controlador_7s.vhd" into library work
INFO: [VRFC 10-163] Analyzing VHDL file "/home/rafael/Dropbox/Aulas/Pos/2014/Logica_Programavel/Exemplos/7segmentos/source/Nexys4_Vivado_Basic/Nexys4_Vivado_Basic.srcs/sim_1/new/tb.vhd" into library work
INFO: [VRFC 10-165] Analyzing Verilog file "/home/rafael/opt/Xilinx/Vivado/2013.4/data/verilog/src/glbl.v" into library work
Starting static elaboration
Completed static elaboration
Starting simulation data flow analysis
Completed simulation data flow analysis
Time Resolution for simulation is 1ps
Compiling package std.standard
Compiling package ieee.std_logic_1164
Compiling package ieee.std_logic_arith
Compiling package ieee.std_logic_unsigned
Compiling package ieee.numeric_std
Compiling architecture behavioral of entity work.controlador_7s [\controlador_7s(100,400)\]
Compiling architecture behavioral of entity work.RGB_controller [rgb_controller_default]
Compiling architecture behavioral of entity work.tb
Waiting for 2 sub-compilation(s) to finish...
Built simulation snapshot tb_behav
