
*** Running vivado
    with args -log toplevelmux.vds -m64 -mode batch -messageDb vivado.pb -source toplevelmux.tcl


****** Vivado v2014.2 (64-bit)
  **** SW Build 932637 on Wed Jun 11 13:12:34 MDT 2014
  **** IP Build 924643 on Fri May 30 09:20:16 MDT 2014
    ** Copyright 1986-2014 Xilinx, Inc. All Rights Reserved.

source toplevelmux.tcl
# set_param gui.test TreeTableDev
# set_param xicom.use_bs_reader 1
# set_msg_config -id {HDL 9-1061} -limit 100000
# set_msg_config -id {HDL 9-1654} -limit 100000
# set_msg_config -id {Labtools 27-147} -limit 4294967295
# set_msg_config -id {Synth 8-256} -limit 10000
# set_msg_config -id {Synth 8-638} -limit 10000
# set_msg_config  -id {Synth 8-2778}  -suppress 
# set_msg_config  -id {Common 17-69}  -string {{ERROR: [Common 17-69] Command failed: Synthesis failed - please see the console or run log file for details}}  -suppress 
# create_project -in_memory -part xc7a100tcsg324-1
# set_property target_language VHDL [current_project]
# set_param project.compositeFile.enableAutoGeneration 0
# set_property default_lib xil_defaultlib [current_project]
# read_vhdl -library xil_defaultlib /home/rafa/Dropbox/Aulas/Pos/2014/LogicaProgramavel/Exemplos/05-Concorrente/05-Mux-Simples/Mux-Simples.srcs/sources_1/toplevel-mux.vhd
# read_xdc /home/rafa/Dropbox/Aulas/Pos/2014/LogicaProgramavel/Exemplos/05-Concorrente/05-Mux-Simples/Mux-Simples.srcs/constrs_1/new/Nexys4_Master.xdc
# set_property used_in_implementation false [get_files /home/rafa/Dropbox/Aulas/Pos/2014/LogicaProgramavel/Exemplos/05-Concorrente/05-Mux-Simples/Mux-Simples.srcs/constrs_1/new/Nexys4_Master.xdc]
# set_param synth.vivado.isSynthRun true
# set_property webtalk.parent_dir /home/rafa/Dropbox/Aulas/Pos/2014/LogicaProgramavel/Exemplos/05-Concorrente/05-Mux-Simples/Mux-Simples.cache/wt [current_project]
# set_property parent.project_dir /home/rafa/Dropbox/Aulas/Pos/2014/LogicaProgramavel/Exemplos/05-Concorrente/05-Mux-Simples [current_project]
# catch { write_hwdef -file toplevelmux.hwdef }
INFO: [Vivado_Tcl 4-279] hardware handoff file cannot be generated as there is no block diagram instance in the design
# synth_design -top toplevelmux -part xc7a100tcsg324-1 -flatten_hierarchy none -directive RuntimeOptimized -fsm_extraction off
Command: synth_design -top toplevelmux -part xc7a100tcsg324-1 -flatten_hierarchy none -directive RuntimeOptimized -fsm_extraction off

Starting synthesis...

Attempting to get a license for feature 'Synthesis' and/or device 'xc7a100t'
INFO: [Common 17-349] Got license for feature 'Synthesis' and/or device 'xc7a100t'
---------------------------------------------------------------------------------
Starting RTL Elaboration : Time (s): cpu = 00:00:07 ; elapsed = 00:00:07 . Memory (MB): peak = 783.812 ; gain = 152.125
---------------------------------------------------------------------------------
INFO: [Synth 8-638] synthesizing module 'toplevelmux' [/home/rafa/Dropbox/Aulas/Pos/2014/LogicaProgramavel/Exemplos/05-Concorrente/05-Mux-Simples/Mux-Simples.srcs/sources_1/toplevel-mux.vhd:48]
INFO: [Synth 8-256] done synthesizing module 'toplevelmux' (1#1) [/home/rafa/Dropbox/Aulas/Pos/2014/LogicaProgramavel/Exemplos/05-Concorrente/05-Mux-Simples/Mux-Simples.srcs/sources_1/toplevel-mux.vhd:48]
WARNING: [Synth 8-3331] design toplevelmux has unconnected port in1
---------------------------------------------------------------------------------
Finished RTL Elaboration : Time (s): cpu = 00:00:08 ; elapsed = 00:00:08 . Memory (MB): peak = 818.695 ; gain = 187.008
---------------------------------------------------------------------------------
---------------------------------------------------------------------------------
Start RTL Optimization
---------------------------------------------------------------------------------

Report Check Netlist: 
+------+------------------+-------+---------+-------+------------------+
|      |Item              |Errors |Warnings |Status |Description       |
+------+------------------+-------+---------+-------+------------------+
|1     |multi_driven_nets |      0|        0|Passed |Multi driven nets |
+------+------------------+-------+---------+-------+------------------+
Loading clock regions from /home/rafa/opt/Xilinx/Vivado/2014.2/data/parts/xilinx/artix7/artix7/xc7a100t/ClockRegion.xml
Loading clock buffers from /home/rafa/opt/Xilinx/Vivado/2014.2/data/parts/xilinx/artix7/artix7/xc7a100t/ClockBuffers.xml
Loading clock placement rules from /home/rafa/opt/Xilinx/Vivado/2014.2/data/parts/xilinx/artix7/ClockPlacerRules.xml
Loading package pin functions from /home/rafa/opt/Xilinx/Vivado/2014.2/data/parts/xilinx/artix7/PinFunctions.xml...
Loading package from /home/rafa/opt/Xilinx/Vivado/2014.2/data/parts/xilinx/artix7/artix7/xc7a100t/csg324/Package.xml
Loading io standards from /home/rafa/opt/Xilinx/Vivado/2014.2/data/./parts/xilinx/artix7/IOStandards.xml
Loading device configuration modes from /home/rafa/opt/Xilinx/Vivado/2014.2/data/parts/xilinx/artix7/ConfigModes.xml

Processing XDC Constraints
Parsing XDC File [/home/rafa/Dropbox/Aulas/Pos/2014/LogicaProgramavel/Exemplos/05-Concorrente/05-Mux-Simples/Mux-Simples.srcs/constrs_1/new/Nexys4_Master.xdc]
Finished Parsing XDC File [/home/rafa/Dropbox/Aulas/Pos/2014/LogicaProgramavel/Exemplos/05-Concorrente/05-Mux-Simples/Mux-Simples.srcs/constrs_1/new/Nexys4_Master.xdc]
Completed Processing XDC Constraints

INFO: [Project 1-111] Unisim Transformation Summary:
No Unisim elements were transformed.

---------------------------------------------------------------------------------
Start RTL Optimization
---------------------------------------------------------------------------------
---------------------------------------------------------------------------------
Start Loading Part and Timing Information
---------------------------------------------------------------------------------
Loading part: xc7a100tcsg324-1
---------------------------------------------------------------------------------
Finished Loading Part and Timing Information : Time (s): cpu = 00:00:21 ; elapsed = 00:00:21 . Memory (MB): peak = 1006.898 ; gain = 375.211
---------------------------------------------------------------------------------
---------------------------------------------------------------------------------
Start Applying 'set_property' XDC Constraints
---------------------------------------------------------------------------------
---------------------------------------------------------------------------------
Finished applying 'set_property' XDC Constraints : Time (s): cpu = 00:00:21 ; elapsed = 00:00:21 . Memory (MB): peak = 1006.898 ; gain = 375.211
---------------------------------------------------------------------------------
---------------------------------------------------------------------------------
Finished RTL Optimization : Time (s): cpu = 00:00:21 ; elapsed = 00:00:21 . Memory (MB): peak = 1006.898 ; gain = 375.211
---------------------------------------------------------------------------------

Report RTL Partitions: 
+-+--------------+------------+----------+
| |RTL Partition |Replication |Instances |
+-+--------------+------------+----------+
+-+--------------+------------+----------+
---------------------------------------------------------------------------------
Start RTL Component Statistics 
---------------------------------------------------------------------------------
Detailed RTL Component Info : 
+---Muxes : 
	   2 Input      1 Bit        Muxes := 1     
---------------------------------------------------------------------------------
Finished RTL Component Statistics 
---------------------------------------------------------------------------------
---------------------------------------------------------------------------------
Start RTL Hierarchical Component Statistics 
---------------------------------------------------------------------------------
Hierarchical RTL Component report 
Module toplevelmux 
Detailed RTL Component Info : 
+---Muxes : 
	   2 Input      1 Bit        Muxes := 1     
---------------------------------------------------------------------------------
Finished RTL Hierarchical Component Statistics
---------------------------------------------------------------------------------
---------------------------------------------------------------------------------
Start Part Resource Summary
---------------------------------------------------------------------------------
Part Resources:
DSPs: 240 (col length:80)
BRAMs: 270 (col length: RAMB18 80 RAMB36 40)
---------------------------------------------------------------------------------
Finished Part Resource Summary
---------------------------------------------------------------------------------
Workers Ready, Starting Parallel Section  : Time (s): cpu = 00:00:21 ; elapsed = 00:00:21 . Memory (MB): peak = 1014.902 ; gain = 383.215
---------------------------------------------------------------------------------
Start Cross Boundary Optimization
---------------------------------------------------------------------------------
---------------------------------------------------------------------------------
Finished Cross Boundary Optimization : Time (s): cpu = 00:00:21 ; elapsed = 00:00:21 . Memory (MB): peak = 1014.902 ; gain = 383.215
---------------------------------------------------------------------------------
Finished Parallel Reinfer  : Time (s): cpu = 00:00:21 ; elapsed = 00:00:21 . Memory (MB): peak = 1014.902 ; gain = 383.215
---------------------------------------------------------------------------------
Start RAM, DSP and Shift Register Reporting
---------------------------------------------------------------------------------
---------------------------------------------------------------------------------
Finished RAM, DSP and Shift Register Reporting
---------------------------------------------------------------------------------
---------------------------------------------------------------------------------
Start Area Optimization
---------------------------------------------------------------------------------
---------------------------------------------------------------------------------
Finished Area Optimization : Time (s): cpu = 00:00:21 ; elapsed = 00:00:21 . Memory (MB): peak = 1030.918 ; gain = 399.230
---------------------------------------------------------------------------------
Finished Parallel Area Opt  : Time (s): cpu = 00:00:21 ; elapsed = 00:00:21 . Memory (MB): peak = 1030.918 ; gain = 399.230
Finished Parallel Section  : Time (s): cpu = 00:00:21 ; elapsed = 00:00:21 . Memory (MB): peak = 1030.918 ; gain = 399.230
---------------------------------------------------------------------------------
Start Timing Optimization
---------------------------------------------------------------------------------
---------------------------------------------------------------------------------
Start Applying XDC Timing Constraints
---------------------------------------------------------------------------------
---------------------------------------------------------------------------------
Finished Applying XDC Timing Constraints : Time (s): cpu = 00:00:44 ; elapsed = 00:00:45 . Memory (MB): peak = 1081.918 ; gain = 450.230
---------------------------------------------------------------------------------
---------------------------------------------------------------------------------
Finished Timing Optimization : Time (s): cpu = 00:00:44 ; elapsed = 00:00:45 . Memory (MB): peak = 1081.918 ; gain = 450.230
---------------------------------------------------------------------------------
---------------------------------------------------------------------------------
Start Technology Mapping
---------------------------------------------------------------------------------
---------------------------------------------------------------------------------
Finished Technology Mapping : Time (s): cpu = 00:00:44 ; elapsed = 00:00:45 . Memory (MB): peak = 1090.934 ; gain = 459.246
---------------------------------------------------------------------------------
---------------------------------------------------------------------------------
Start IO Insertion
---------------------------------------------------------------------------------
---------------------------------------------------------------------------------
Start Final Netlist Cleanup
---------------------------------------------------------------------------------
---------------------------------------------------------------------------------
Finished Final Netlist Cleanup
---------------------------------------------------------------------------------
---------------------------------------------------------------------------------
Finished IO Insertion : Time (s): cpu = 00:00:45 ; elapsed = 00:00:46 . Memory (MB): peak = 1090.934 ; gain = 459.246
---------------------------------------------------------------------------------

Report Check Netlist: 
+------+------------------+-------+---------+-------+------------------+
|      |Item              |Errors |Warnings |Status |Description       |
+------+------------------+-------+---------+-------+------------------+
|1     |multi_driven_nets |      0|        0|Passed |Multi driven nets |
+------+------------------+-------+---------+-------+------------------+
---------------------------------------------------------------------------------
Start Renaming Generated Instances
---------------------------------------------------------------------------------
---------------------------------------------------------------------------------
Finished Renaming Generated Instances : Time (s): cpu = 00:00:45 ; elapsed = 00:00:46 . Memory (MB): peak = 1090.934 ; gain = 459.246
---------------------------------------------------------------------------------
---------------------------------------------------------------------------------
Start RAM, DSP and Shift Register Reporting
---------------------------------------------------------------------------------
---------------------------------------------------------------------------------
Finished RAM, DSP and Shift Register Reporting
---------------------------------------------------------------------------------
---------------------------------------------------------------------------------
Start Writing Synthesis Report
---------------------------------------------------------------------------------

Report BlackBoxes: 
+-+--------------+----------+
| |BlackBox name |Instances |
+-+--------------+----------+
+-+--------------+----------+

Report Cell Usage: 
+------+-----+------+
|      |Cell |Count |
+------+-----+------+
|1     |LUT4 |     1|
|2     |IBUF |     4|
|3     |OBUF |     1|
+------+-----+------+

Report Instance Areas: 
+------+---------+-------+------+
|      |Instance |Module |Cells |
+------+---------+-------+------+
|1     |top      |       |     6|
+------+---------+-------+------+
---------------------------------------------------------------------------------
Finished Writing Synthesis Report : Time (s): cpu = 00:00:45 ; elapsed = 00:00:46 . Memory (MB): peak = 1090.934 ; gain = 459.246
---------------------------------------------------------------------------------
Synthesis finished with 0 errors, 0 critical warnings and 0 warnings.
Synthesis Optimization Complete : Time (s): cpu = 00:00:45 ; elapsed = 00:00:46 . Memory (MB): peak = 1090.934 ; gain = 459.246
INFO: [Netlist 29-17] Analyzing 4 Unisim elements for replacement
INFO: [Netlist 29-28] Unisim Transformation completed in 0 CPU seconds
INFO: [Opt 31-140] Inserted 0 IBUFs to IO ports without IO buffers.
INFO: [Opt 31-141] Inserted 0 OBUFs to IO ports without IO buffers.
INFO: [Opt 31-138] Pushed 0 inverter(s) to 0 load pin(s).
INFO: [Project 1-111] Unisim Transformation Summary:
No Unisim elements were transformed.

INFO: [Common 17-83] Releasing license: Synthesis
11 Infos, 1 Warnings, 0 Critical Warnings and 0 Errors encountered.
synth_design completed successfully
synth_design: Time (s): cpu = 00:00:44 ; elapsed = 00:00:45 . Memory (MB): peak = 1096.938 ; gain = 364.121
# write_checkpoint toplevelmux.dcp
# report_utilization -file toplevelmux_utilization_synth.rpt -pb toplevelmux_utilization_synth.pb
report_utilization: Time (s): cpu = 00:00:00.16 ; elapsed = 00:00:00.20 . Memory (MB): peak = 1096.938 ; gain = 0.000
INFO: [Common 17-206] Exiting Vivado at Fri Sep 19 12:17:46 2014...
