SET_PARAMETER has_dout_tready false
SET_PARAMETER has_aclken false
SET_PARAMETER filter_type Decimation
SET_PARAMETER input_data_width 2
SET_PARAMETER sample_rate_changes Fixed
SET_PARAMETER gui_behaviour Coregen
SET_PARAMETER response_magnitude Normalized
SET_PARAMETER number_of_stages 5
SET_PARAMETER has_aresetn false
SET_PARAMETER quantization Full_Precision
SET_PARAMETER maximum_rate 16
SET_PARAMETER hardwareoversamplingrate 1
SET_PARAMETER output_data_width 22
SET_PARAMETER clock_frequency 3.072
SET_PARAMETER number_of_channels 1
SET_PARAMETER ratespecification Frequency_Specification
SET_PARAMETER passband_max 0.5
SET_PARAMETER stopband_max 1.0
SET_PARAMETER sampleperiod 1
SET_PARAMETER component_name cic
SET_PARAMETER input_sample_frequency 3.072
SET_PARAMETER fixed_or_initial_rate 16
SET_PARAMETER use_xtreme_dsp_slice true
SET_PARAMETER passband_min 0.0
SET_PARAMETER stopband_min 0.5
SET_PARAMETER minimum_rate 16
SET_PARAMETER use_streaming_interface true
SET_PARAMETER differential_delay 1
SET_ERROR_CODE 2
SET_ERROR_MSG  CANCEL: Customization cancelled.
SET_ERROR_TEXT Finished initializing IP model.	
